0 info it worked if it ends with ok
1 verbose cli [ 'D:\\nodestuff\\node.exe',
1 verbose cli   'D:\\nodestuff\\node_modules\\npm\\bin\\npm-cli.js',
1 verbose cli   'start' ]
2 info using npm@3.10.10
3 info using node@v6.10.2
4 verbose run-script [ 'prestart', 'start', 'poststart' ]
5 info lifecycle elm-fullstack-starter@2.3.1~prestart: elm-fullstack-starter@2.3.1
6 silly lifecycle elm-fullstack-starter@2.3.1~prestart: no script for prestart, continuing
7 info lifecycle elm-fullstack-starter@2.3.1~start: elm-fullstack-starter@2.3.1
8 verbose lifecycle elm-fullstack-starter@2.3.1~start: unsafe-perm in lifecycle true
9 verbose lifecycle elm-fullstack-starter@2.3.1~start: PATH: D:\nodestuff\node_modules\npm\bin\node-gyp-bin;D:\Documents\GitHub\Scheduler\node_modules\.bin;C:\Program Files (x86)\Common Files\Intel\Shared Libraries\redist\intel64\compiler;C:\Program Files (x86)\Common Files\Intel\Shared Libraries\redist\ia32\mpirt;C:\Program Files (x86)\Common Files\Intel\Shared Libraries\redist\ia32\compiler;C:\Program Files\NVIDIA GPU Computing Toolkit\CUDA\v8.0\bin;C:\Program Files\NVIDIA GPU Computing Toolkit\CUDA\v8.0\libnvvp;C:\tools\ruby23\bin;C:\ProgramData\Oracle\Java\javapath;C:\Program Files (x86)\Intel\iCLS Client\;C:\Program Files\Intel\iCLS Client\;C:\Windows\system32;C:\Windows;C:\Windows\System32\Wbem;C:\Windows\System32\WindowsPowerShell\v1.0\;C:\Program Files (x86)\Intel\Intel(R) Management Engine Components\DAL;C:\Program Files\Intel\Intel(R) Management Engine Components\DAL;C:\Program Files (x86)\Intel\Intel(R) Management Engine Components\IPT;C:\Program Files\Intel\Intel(R) Management Engine Components\IPT;C:\Program Files\Intel\WiFi\bin\;C:\Program Files\Common Files\Intel\WirelessCommon\;C:\Program Files (x86)\NVIDIA Corporation\PhysX\Common;C:\ProgramData\chocolatey\bin;C:\WINDOWS\system32;C:\WINDOWS;C:\WINDOWS\System32\Wbem;C:\WINDOWS\System32\WindowsPowerShell\v1.0\;C:\Python27\;C:\Python27\Scripts\;D:\nodestuff\;D:\matlab\runtime\win64;D:\matlab\bin;D:\things\elm\0.18\bin;C:\Program\Java\jdk1.8.0_101\bin;C:\Users\oskar\AppData\Local\.meteor\;C:\Users\oskar\AppData\Roaming\npm;C:\Python34\Scripts\
10 verbose lifecycle elm-fullstack-starter@2.3.1~start: CWD: D:\Documents\GitHub\Scheduler
11 silly lifecycle elm-fullstack-starter@2.3.1~start: Args: [ '/d /s /c', 'gulp' ]
12 silly lifecycle elm-fullstack-starter@2.3.1~start: Returned: code: 3221225786  signal: null
13 info lifecycle elm-fullstack-starter@2.3.1~start: Failed to exec start script
14 verbose stack Error: elm-fullstack-starter@2.3.1 start: `gulp`
14 verbose stack Exit status 3221225786
14 verbose stack     at EventEmitter.<anonymous> (D:\nodestuff\node_modules\npm\lib\utils\lifecycle.js:255:16)
14 verbose stack     at emitTwo (events.js:106:13)
14 verbose stack     at EventEmitter.emit (events.js:191:7)
14 verbose stack     at ChildProcess.<anonymous> (D:\nodestuff\node_modules\npm\lib\utils\spawn.js:40:14)
14 verbose stack     at emitTwo (events.js:106:13)
14 verbose stack     at ChildProcess.emit (events.js:191:7)
14 verbose stack     at maybeClose (internal/child_process.js:886:16)
14 verbose stack     at Process.ChildProcess._handle.onexit (internal/child_process.js:226:5)
15 verbose pkgid elm-fullstack-starter@2.3.1
16 verbose cwd D:\Documents\GitHub\Scheduler
17 error Windows_NT 10.0.14393
18 error argv "D:\\nodestuff\\node.exe" "D:\\nodestuff\\node_modules\\npm\\bin\\npm-cli.js" "start"
19 error node v6.10.2
20 error npm  v3.10.10
21 error code ELIFECYCLE
22 error elm-fullstack-starter@2.3.1 start: `gulp`
22 error Exit status 3221225786
23 error Failed at the elm-fullstack-starter@2.3.1 start script 'gulp'.
23 error Make sure you have the latest version of node.js and npm installed.
23 error If you do, this is most likely a problem with the elm-fullstack-starter package,
23 error not with npm itself.
23 error Tell the author that this fails on your system:
23 error     gulp
23 error You can get information on how to open an issue for this project with:
23 error     npm bugs elm-fullstack-starter
23 error Or if that isn't available, you can get their info via:
23 error     npm owner ls elm-fullstack-starter
23 error There is likely additional logging output above.
24 verbose exit [ 1, true ]
